Build started 11/03/2016 15:25:09.
     1>Project "C:\Users\Computing\Documents\GitHub\Word-Association\ProgramFiles\AI\AI WA\AI WA.vcxproj" on node 2 (Build target(s)).
     1>ClCompile:
         C:\Program Files (x86)\Microsoft Visual Studio 14.0\VC\bin\CL.exe /c /ZI /nologo /W3 /WX- /sdl /Od /Oy- /D _MBCS /Gm /EHsc /RTC1 /MDd /GS /fp:precise /Zc:wchar_t /Zc:forScope /Zc:inline /Fo"Debug\\" /Fd"Debug\vc140.pdb" /Gd /TP /analyze- /errorReport:prompt Concept.cpp File.cpp main.cpp
         main.cpp
         File.cpp
     1>c:\users\computing\documents\github\word-association\programfiles\ai\ai wa\file.cpp(21): warning C4129: '/': unrecognized character escape sequence
     1>c:\users\computing\documents\github\word-association\programfiles\ai\ai wa\file.cpp(22): warning C4129: '/': unrecognized character escape sequence
     1>c:\users\computing\documents\github\word-association\programfiles\ai\ai wa\file.cpp(53): warning C4244: 'initializing': conversion from 'std::streamoff' to 'int', possible loss of data
     1>c:\users\computing\documents\github\word-association\programfiles\ai\ai wa\file.cpp(99): warning C4101: 'e': unreferenced local variable
     1>c:\users\computing\documents\github\word-association\programfiles\ai\ai wa\file.cpp(113): warning C4101: 'e': unreferenced local variable
         Concept.cpp
     1>c:\users\computing\documents\github\word-association\programfiles\ai\ai wa\concept.cpp(6): error C2511: 'Concept::Concept(char *)': overloaded member function not found in 'Concept'
         c:\users\computing\documents\github\word-association\programfiles\ai\ai wa\concept.h(3): note: see declaration of 'Concept'
     1>c:\users\computing\documents\github\word-association\programfiles\ai\ai wa\concept.cpp(12): error C2597: illegal reference to non-static member 'Concept::conceptWord'
     1>c:\users\computing\documents\github\word-association\programfiles\ai\ai wa\concept.cpp(13): error C2597: illegal reference to non-static member 'Concept::gArray'
     1>c:\users\computing\documents\github\word-association\programfiles\ai\ai wa\concept.cpp(14): error C2597: illegal reference to non-static member 'Concept::pArray'
     1>c:\users\computing\documents\github\word-association\programfiles\ai\ai wa\concept.cpp(19): error C3861: 'generateFSG': identifier not found
     1>c:\users\computing\documents\github\word-association\programfiles\ai\ai wa\concept.cpp(20): error C2065: 'conceptWord': undeclared identifier
         Generating Code...
     1>Done Building Project "C:\Users\Computing\Documents\GitHub\Word-Association\ProgramFiles\AI\AI WA\AI WA.vcxproj" (Build target(s)) -- FAILED.

Build FAILED.

Time Elapsed 00:00:03.13
